[22:46:06.595][info] [#0:/Users/dom/.config/nvim/ls/lua-language-server/main.lua:49]: Lua Lsp startup, root: 	/Users/dom/.config/nvim/ls/lua-language-server
[22:46:06.596][debug][#0:/Users/dom/.config/nvim/ls/lua-language-server/main.lua:50]: ROOT:	/Users/dom/.config/nvim/ls/lua-language-server
[22:46:06.596][debug][#0:/Users/dom/.config/nvim/ls/lua-language-server/main.lua:51]: LOGPATH:	/Users/dom/.config/nvim/ls/lua-language-server/log
[22:46:06.596][debug][#0:/Users/dom/.config/nvim/ls/lua-language-server/main.lua:52]: METAPATH:	/Users/dom/.config/nvim/ls/lua-language-server/meta
[22:46:06.597][debug][#0:/Users/dom/.config/nvim/ls/lua-language-server/main.lua:53]: VERSION:	2.5.4-dev
[22:46:06.629][info] [#0:script/service/telemetry.lua:21]: Telemetry Token:	0F196F2CCE63AC1B
[22:46:06.634][info] [#0:script/pub/pub.lua:48]: Create brave:	1
[22:46:06.634][info] [#0:script/pub/pub.lua:48]: Create brave:	2
[22:46:06.634][info] [#0:script/pub/pub.lua:48]: Create brave:	3
[22:46:06.634][info] [#0:script/pub/pub.lua:48]: Create brave:	4
[22:46:06.634][debug][#0:script/service/service.lua:138]: 
========= Medical Examination Report =========
    --------------- Memory ---------------
        Total: 1.326 MB
        # 00 : 1.326 MB
        # 01 : 0.000 MB
        # 02 : 0.000 MB
        # 03 : 0.000 MB
        # 04 : 0.000 MB
    --------------- Coroutine ---------------
        Total:     0
        Running:   0
        Suspended: 0
        Normal:    0
        Dead:      0
    --------------- Cache ---------------
        Total: 1
        Dead:  0
    --------------- Proto ---------------
        Holdon:   0
        Waiting:  0
==============================================
[22:46:06.653][debug][#0:script/client.lua:344]: Client init	{
    capabilities = {
        callHierarchy = {
            dynamicRegistration = false,
        },
        textDocument = {
            codeAction = {
                codeActionLiteralSupport = {
                    codeActionKind = {
                        valueSet = {
                            [01] = "",
                            [02] = "Empty",
                            [03] = "QuickFix",
                            [04] = "Refactor",
                            [05] = "RefactorExtract",
                            [06] = "RefactorInline",
                            [07] = "RefactorRewrite",
                            [08] = "Source",
                            [09] = "SourceOrganizeImports",
                            [10] = "quickfix",
                            [11] = "refactor",
                            [12] = "refactor.extract",
                            [13] = "refactor.inline",
                            [14] = "refactor.rewrite",
                            [15] = "source",
                            [16] = "source.organizeImports",
                        },
                    },
                },
                dataSupport = true,
                dynamicRegistration = false,
                resolveSupport = {
                    properties = {
                        [1] = "edit",
                    },
                },
            },
            completion = {
                completionItem = {
                    commitCharactersSupport = false,
                    deprecatedSupport = false,
                    documentationFormat = {
                        [1] = "markdown",
                        [2] = "plaintext",
                    },
                    preselectSupport = false,
                    snippetSupport = false,
                },
                completionItemKind = {
                    valueSet = {
                        [01] = 1,
                        [02] = 2,
                        [03] = 3,
                        [04] = 4,
                        [05] = 5,
                        [06] = 6,
                        [07] = 7,
                        [08] = 8,
                        [09] = 9,
                        [10] = 10,
                        [11] = 11,
                        [12] = 12,
                        [13] = 13,
                        [14] = 14,
                        [15] = 15,
                        [16] = 16,
                        [17] = 17,
                        [18] = 18,
                        [19] = 19,
                        [20] = 20,
                        [21] = 21,
                        [22] = 22,
                        [23] = 23,
                        [24] = 24,
                        [25] = 25,
                    },
                },
                contextSupport = false,
                dynamicRegistration = false,
            },
            declaration = {
                linkSupport = true,
            },
            definition = {
                linkSupport = true,
            },
            documentHighlight = {
                dynamicRegistration = false,
            },
            documentSymbol = {
                dynamicRegistration = false,
                hierarchicalDocumentSymbolSupport = true,
                symbolKind = {
                    valueSet = {
                        [01] = 1,
                        [02] = 2,
                        [03] = 3,
                        [04] = 4,
                        [05] = 5,
                        [06] = 6,
                        [07] = 7,
                        [08] = 8,
                        [09] = 9,
                        [10] = 10,
                        [11] = 11,
                        [12] = 12,
                        [13] = 13,
                        [14] = 14,
                        [15] = 15,
                        [16] = 16,
                        [17] = 17,
                        [18] = 18,
                        [19] = 19,
                        [20] = 20,
                        [21] = 21,
                        [22] = 22,
                        [23] = 23,
                        [24] = 24,
                        [25] = 25,
                        [26] = 26,
                    },
                },
            },
            hover = {
                contentFormat = {
                    [1] = "markdown",
                    [2] = "plaintext",
                },
                dynamicRegistration = false,
            },
            implementation = {
                linkSupport = true,
            },
            publishDiagnostics = {
                relatedInformation = true,
                tagSupport = {
                    valueSet = {
                        [1] = 1,
                        [2] = 2,
                    },
                },
            },
            references = {
                dynamicRegistration = false,
            },
            rename = {
                dynamicRegistration = false,
                prepareSupport = true,
            },
            signatureHelp = {
                dynamicRegistration = false,
                signatureInformation = {
                    activeParameterSupport = true,
                    documentationFormat = {
                        [1] = "markdown",
                        [2] = "plaintext",
                    },
                    parameterInformation = {
                        labelOffsetSupport = true,
                    },
                },
            },
            synchronization = {
                didSave = true,
                dynamicRegistration = false,
                willSave = false,
                willSaveWaitUntil = false,
            },
            typeDefinition = {
                linkSupport = true,
            },
        },
        window = {
            showDocument = {
                support = false,
            },
            showMessage = {
                messageActionItem = {
                    additionalPropertiesSupport = false,
                },
            },
            workDoneProgress = true,
        },
        workspace = {
            applyEdit = true,
            configuration = true,
            symbol = {
                dynamicRegistration = false,
                hierarchicalWorkspaceSymbolSupport = true,
                symbolKind = {
                    valueSet = {
                        [01] = 1,
                        [02] = 2,
                        [03] = 3,
                        [04] = 4,
                        [05] = 5,
                        [06] = 6,
                        [07] = 7,
                        [08] = 8,
                        [09] = 9,
                        [10] = 10,
                        [11] = 11,
                        [12] = 12,
                        [13] = 13,
                        [14] = 14,
                        [15] = 15,
                        [16] = 16,
                        [17] = 17,
                        [18] = 18,
                        [19] = 19,
                        [20] = 20,
                        [21] = 21,
                        [22] = 22,
                        [23] = 23,
                        [24] = 24,
                        [25] = 25,
                        [26] = 26,
                    },
                },
            },
            workspaceEdit = {
                resourceOperations = {
                    [1] = "rename",
                    [2] = "create",
                    [3] = "delete",
                },
            },
            workspaceFolders = true,
        },
    },
    clientInfo = {
        name = "Neovim",
        version = "0.6.0",
    },
    initializationOptions = {
    },
    processId = 7943,
    rootPath = "/Users/dom/.config/nvim",
    rootUri = "file:///Users/dom/.config/nvim",
    trace = "off",
    workspaceFolders = {
        [1] = {
            name = "/Users/dom/.config/nvim",
            uri = "file:///Users/dom/.config/nvim",
        },
    },
}
[22:46:06.654][info] [#0:script/language.lua:135]: VSC language: nil
[22:46:06.654][info] [#0:script/language.lua:136]: LS  language: en-us
[22:46:06.654][info] [#0:script/workspace/workspace.lua:34]: Workspace inited: 	file:///Users/dom/.config/nvim
[22:46:06.654][info] [#0:script/workspace/workspace.lua:43]: Log path: 	/Users/dom/.config/nvim/ls/lua-language-server/log/file_Users_dom_.config_nvim.log
[22:46:06.654][warn] [#0:script/pub/report.lua:24]: Load proto error:	Disconnected!
